[   23829ms] [ERROR] Failed to load resource: the server responded with a status of 403 () @ https://discord.com/api/v9/apex/experiments?surface=2:0
[   23893ms] [ERROR] Failed to load resource: the server responded with a status of 401 () @ https://discord.com/api/v9/promotions?locale=en-US&platform=0:0
[   24645ms] [ERROR] WebSocket connection to 'ws://127.0.0.1:6463/?v=1' failed: Error in connection establishment: net::ERR_CONNECTION_REFUSED @ https://discord.com/assets/web-minimal.aefa870f534403f1.js:26
[   24649ms] [ERROR] WebSocket connection to 'ws://127.0.0.1:6464/?v=1' failed: Error in connection establishment: net::ERR_CONNECTION_REFUSED @ https://discord.com/assets/web-minimal.aefa870f534403f1.js:26
[   24649ms] [ERROR] WebSocket connection to 'ws://127.0.0.1:6465/?v=1' failed: Error in connection establishment: net::ERR_CONNECTION_REFUSED @ https://discord.com/assets/web-minimal.aefa870f534403f1.js:26
[   24651ms] [ERROR] WebSocket connection to 'ws://127.0.0.1:6466/?v=1' failed: Error in connection establishment: net::ERR_CONNECTION_REFUSED @ https://discord.com/assets/web-minimal.aefa870f534403f1.js:26
[   24654ms] [ERROR] WebSocket connection to 'ws://127.0.0.1:6467/?v=1' failed: Error in connection establishment: net::ERR_CONNECTION_REFUSED @ https://discord.com/assets/web-minimal.aefa870f534403f1.js:26
[   24658ms] [ERROR] WebSocket connection to 'ws://127.0.0.1:6468/?v=1' failed: Error in connection establishment: net::ERR_CONNECTION_REFUSED @ https://discord.com/assets/web-minimal.aefa870f534403f1.js:26
[   24665ms] [ERROR] WebSocket connection to 'ws://127.0.0.1:6469/?v=1' failed: Error in connection establishment: net::ERR_CONNECTION_REFUSED @ https://discord.com/assets/web-minimal.aefa870f534403f1.js:26
[   24680ms] [ERROR] WebSocket connection to 'ws://127.0.0.1:6470/?v=1' failed: Error in connection establishment: net::ERR_CONNECTION_REFUSED @ https://discord.com/assets/web-minimal.aefa870f534403f1.js:26
[   24698ms] [ERROR] WebSocket connection to 'ws://127.0.0.1:6471/?v=1' failed: Error in connection establishment: net::ERR_CONNECTION_REFUSED @ https://discord.com/assets/web-minimal.aefa870f534403f1.js:26
[   24770ms] [ERROR] WebSocket connection to 'ws://127.0.0.1:6472/?v=1' failed: Error in connection establishment: net::ERR_CONNECTION_REFUSED @ https://discord.com/assets/web-minimal.aefa870f534403f1.js:26
[   29170ms] [WARNING] The resource https://discord.com/assets/189422196a4f8b53.woff2 was preloaded using link preload but not used within a few seconds from the window's load event. Please make sure it has an appropriate `as` value and it is preloaded intentionally. @ https://discord.com/invite/QcszBKhgbP:0
[   29170ms] [WARNING] The resource https://discord.com/assets/ce3b8055f5114434.woff2 was preloaded using link preload but not used within a few seconds from the window's load event. Please make sure it has an appropriate `as` value and it is preloaded intentionally. @ https://discord.com/invite/QcszBKhgbP:0
[   29170ms] [WARNING] The resource https://discord.com/assets/cb2006dbced0e246.woff2 was preloaded using link preload but not used within a few seconds from the window's load event. Please make sure it has an appropriate `as` value and it is preloaded intentionally. @ https://discord.com/invite/QcszBKhgbP:0
[   29170ms] [WARNING] The resource https://discord.com/assets/7a6a566c2e88a35d.woff2 was preloaded using link preload but not used within a few seconds from the window's load event. Please make sure it has an appropriate `as` value and it is preloaded intentionally. @ https://discord.com/invite/QcszBKhgbP:0
[   29170ms] [WARNING] The resource https://discord.com/assets/e52f0cba712e2fb4.woff2 was preloaded using link preload but not used within a few seconds from the window's load event. Please make sure it has an appropriate `as` value and it is preloaded intentionally. @ https://discord.com/invite/QcszBKhgbP:0
[   29170ms] [WARNING] The resource https://discord.com/assets/dd24010f3cf7def7.woff2 was preloaded using link preload but not used within a few seconds from the window's load event. Please make sure it has an appropriate `as` value and it is preloaded intentionally. @ https://discord.com/invite/QcszBKhgbP:0
[   37093ms] [WARNING] The resource https://discord.com/assets/189422196a4f8b53.woff2 was preloaded using link preload but not used within a few seconds from the window's load event. Please make sure it has an appropriate `as` value and it is preloaded intentionally. @ https://discord.com/invite/QcszBKhgbP:0
[   37093ms] [WARNING] The resource https://discord.com/assets/ce3b8055f5114434.woff2 was preloaded using link preload but not used within a few seconds from the window's load event. Please make sure it has an appropriate `as` value and it is preloaded intentionally. @ https://discord.com/invite/QcszBKhgbP:0
[   37093ms] [WARNING] The resource https://discord.com/assets/cb2006dbced0e246.woff2 was preloaded using link preload but not used within a few seconds from the window's load event. Please make sure it has an appropriate `as` value and it is preloaded intentionally. @ https://discord.com/invite/QcszBKhgbP:0
[   37093ms] [WARNING] The resource https://discord.com/assets/7a6a566c2e88a35d.woff2 was preloaded using link preload but not used within a few seconds from the window's load event. Please make sure it has an appropriate `as` value and it is preloaded intentionally. @ https://discord.com/invite/QcszBKhgbP:0
[   37093ms] [WARNING] The resource https://discord.com/assets/e52f0cba712e2fb4.woff2 was preloaded using link preload but not used within a few seconds from the window's load event. Please make sure it has an appropriate `as` value and it is preloaded intentionally. @ https://discord.com/invite/QcszBKhgbP:0
[   37093ms] [WARNING] The resource https://discord.com/assets/dd24010f3cf7def7.woff2 was preloaded using link preload but not used within a few seconds from the window's load event. Please make sure it has an appropriate `as` value and it is preloaded intentionally. @ https://discord.com/invite/QcszBKhgbP:0
[   49061ms] [ERROR] Failed to load resource: the server responded with a status of 400 () @ https://discord.com/api/v9/auth/register:0
[   49167ms] [WARNING] AnalyticsTrackImpressionContext function unimplemented @ https://discord.com/assets/sentry.3d62437117f773d1.js:14
[   49462ms] [WARNING] AnalyticsTrackImpressionContext function unimplemented @ https://discord.com/assets/sentry.3d62437117f773d1.js:14
[   52987ms] [WARNING] The resource https://discord.com/assets/189422196a4f8b53.woff2 was preloaded using link preload but not used within a few seconds from the window's load event. Please make sure it has an appropriate `as` value and it is preloaded intentionally. @ https://discord.com/invite/QcszBKhgbP:0
[   52987ms] [WARNING] The resource https://discord.com/assets/ce3b8055f5114434.woff2 was preloaded using link preload but not used within a few seconds from the window's load event. Please make sure it has an appropriate `as` value and it is preloaded intentionally. @ https://discord.com/invite/QcszBKhgbP:0
[   52987ms] [WARNING] The resource https://discord.com/assets/cb2006dbced0e246.woff2 was preloaded using link preload but not used within a few seconds from the window's load event. Please make sure it has an appropriate `as` value and it is preloaded intentionally. @ https://discord.com/invite/QcszBKhgbP:0
[   52987ms] [WARNING] The resource https://discord.com/assets/7a6a566c2e88a35d.woff2 was preloaded using link preload but not used within a few seconds from the window's load event. Please make sure it has an appropriate `as` value and it is preloaded intentionally. @ https://discord.com/invite/QcszBKhgbP:0
[   52987ms] [WARNING] The resource https://discord.com/assets/e52f0cba712e2fb4.woff2 was preloaded using link preload but not used within a few seconds from the window's load event. Please make sure it has an appropriate `as` value and it is preloaded intentionally. @ https://discord.com/invite/QcszBKhgbP:0
[   52987ms] [WARNING] The resource https://discord.com/assets/dd24010f3cf7def7.woff2 was preloaded using link preload but not used within a few seconds from the window's load event. Please make sure it has an appropriate `as` value and it is preloaded intentionally. @ https://discord.com/invite/QcszBKhgbP:0
[   57305ms] [WARNING] The resource https://discord.com/assets/189422196a4f8b53.woff2 was preloaded using link preload but not used within a few seconds from the window's load event. Please make sure it has an appropriate `as` value and it is preloaded intentionally. @ https://discord.com/invite/QcszBKhgbP:0
[   57305ms] [WARNING] The resource https://discord.com/assets/ce3b8055f5114434.woff2 was preloaded using link preload but not used within a few seconds from the window's load event. Please make sure it has an appropriate `as` value and it is preloaded intentionally. @ https://discord.com/invite/QcszBKhgbP:0
[   57305ms] [WARNING] The resource https://discord.com/assets/cb2006dbced0e246.woff2 was preloaded using link preload but not used within a few seconds from the window's load event. Please make sure it has an appropriate `as` value and it is preloaded intentionally. @ https://discord.com/invite/QcszBKhgbP:0
[   57305ms] [WARNING] The resource https://discord.com/assets/7a6a566c2e88a35d.woff2 was preloaded using link preload but not used within a few seconds from the window's load event. Please make sure it has an appropriate `as` value and it is preloaded intentionally. @ https://discord.com/invite/QcszBKhgbP:0
[   57305ms] [WARNING] The resource https://discord.com/assets/e52f0cba712e2fb4.woff2 was preloaded using link preload but not used within a few seconds from the window's load event. Please make sure it has an appropriate `as` value and it is preloaded intentionally. @ https://discord.com/invite/QcszBKhgbP:0
[   57305ms] [WARNING] The resource https://discord.com/assets/dd24010f3cf7def7.woff2 was preloaded using link preload but not used within a few seconds from the window's load event. Please make sure it has an appropriate `as` value and it is preloaded intentionally. @ https://discord.com/invite/QcszBKhgbP:0
[   65113ms] [WARNING] The resource https://discord.com/assets/189422196a4f8b53.woff2 was preloaded using link preload but not used within a few seconds from the window's load event. Please make sure it has an appropriate `as` value and it is preloaded intentionally. @ https://discord.com/invite/QcszBKhgbP:0
[   65113ms] [WARNING] The resource https://discord.com/assets/ce3b8055f5114434.woff2 was preloaded using link preload but not used within a few seconds from the window's load event. Please make sure it has an appropriate `as` value and it is preloaded intentionally. @ https://discord.com/invite/QcszBKhgbP:0
[   65113ms] [WARNING] The resource https://discord.com/assets/cb2006dbced0e246.woff2 was preloaded using link preload but not used within a few seconds from the window's load event. Please make sure it has an appropriate `as` value and it is preloaded intentionally. @ https://discord.com/invite/QcszBKhgbP:0
[   65113ms] [WARNING] The resource https://discord.com/assets/7a6a566c2e88a35d.woff2 was preloaded using link preload but not used within a few seconds from the window's load event. Please make sure it has an appropriate `as` value and it is preloaded intentionally. @ https://discord.com/invite/QcszBKhgbP:0
[   65113ms] [WARNING] The resource https://discord.com/assets/e52f0cba712e2fb4.woff2 was preloaded using link preload but not used within a few seconds from the window's load event. Please make sure it has an appropriate `as` value and it is preloaded intentionally. @ https://discord.com/invite/QcszBKhgbP:0
[   65113ms] [WARNING] The resource https://discord.com/assets/dd24010f3cf7def7.woff2 was preloaded using link preload but not used within a few seconds from the window's load event. Please make sure it has an appropriate `as` value and it is preloaded intentionally. @ https://discord.com/invite/QcszBKhgbP:0
[   70781ms] [WARNING] The resource https://discord.com/assets/189422196a4f8b53.woff2 was preloaded using link preload but not used within a few seconds from the window's load event. Please make sure it has an appropriate `as` value and it is preloaded intentionally. @ https://discord.com/invite/QcszBKhgbP:0
[   70781ms] [WARNING] The resource https://discord.com/assets/ce3b8055f5114434.woff2 was preloaded using link preload but not used within a few seconds from the window's load event. Please make sure it has an appropriate `as` value and it is preloaded intentionally. @ https://discord.com/invite/QcszBKhgbP:0
[   70781ms] [WARNING] The resource https://discord.com/assets/cb2006dbced0e246.woff2 was preloaded using link preload but not used within a few seconds from the window's load event. Please make sure it has an appropriate `as` value and it is preloaded intentionally. @ https://discord.com/invite/QcszBKhgbP:0
[   70781ms] [WARNING] The resource https://discord.com/assets/7a6a566c2e88a35d.woff2 was preloaded using link preload but not used within a few seconds from the window's load event. Please make sure it has an appropriate `as` value and it is preloaded intentionally. @ https://discord.com/invite/QcszBKhgbP:0
[   70781ms] [WARNING] The resource https://discord.com/assets/e52f0cba712e2fb4.woff2 was preloaded using link preload but not used within a few seconds from the window's load event. Please make sure it has an appropriate `as` value and it is preloaded intentionally. @ https://discord.com/invite/QcszBKhgbP:0
[   70781ms] [WARNING] The resource https://discord.com/assets/dd24010f3cf7def7.woff2 was preloaded using link preload but not used within a few seconds from the window's load event. Please make sure it has an appropriate `as` value and it is preloaded intentionally. @ https://discord.com/invite/QcszBKhgbP:0
[   73314ms] [WARNING] Window state not initialized window-1 @ https://discord.com/assets/sentry.3d62437117f773d1.js:14
[   73315ms] [WARNING] Window state not initialized window-1 @ https://discord.com/assets/sentry.3d62437117f773d1.js:14
[   76621ms] [ERROR] Failed to load resource: the server responded with a status of 403 () @ https://discord.com/api/v9/users/@me/referrals/eligibility:0
[   78856ms] [ERROR] Failed to load resource: the server responded with a status of 404 () @ https://discord.com/assets/version.stable.json?_=5907340:0
[   79003ms] [ERROR] Failed to load resource: the server responded with a status of 403 () @ https://discord.com/api/v9/quests/@me:0
[   79009ms] [ERROR] Failed to load resource: the server responded with a status of 403 () @ https://discord.com/api/v9/users/@me/referrals/eligibility:0
[   79038ms] [ERROR] Failed to load resource: the server responded with a status of 403 () @ https://discord.com/api/v9/quests/decision?placement=1&client_heartbeat_session_id=a74e69cc-75e6-4158-9ee6-5e5cc958b66b&client_ad_session_id=cfb7ee90-0aa3-4421-95f3-084ecbe22ef6:0
[   82567ms] [WARNING] The resource https://discord.com/assets/189422196a4f8b53.woff2 was preloaded using link preload but not used within a few seconds from the window's load event. Please make sure it has an appropriate `as` value and it is preloaded intentionally. @ https://discord.com/channels/@me:0
[   82567ms] [WARNING] The resource https://discord.com/assets/ce3b8055f5114434.woff2 was preloaded using link preload but not used within a few seconds from the window's load event. Please make sure it has an appropriate `as` value and it is preloaded intentionally. @ https://discord.com/channels/@me:0
[   82567ms] [WARNING] The resource https://discord.com/assets/cb2006dbced0e246.woff2 was preloaded using link preload but not used within a few seconds from the window's load event. Please make sure it has an appropriate `as` value and it is preloaded intentionally. @ https://discord.com/channels/@me:0
[   82567ms] [WARNING] The resource https://discord.com/assets/7a6a566c2e88a35d.woff2 was preloaded using link preload but not used within a few seconds from the window's load event. Please make sure it has an appropriate `as` value and it is preloaded intentionally. @ https://discord.com/channels/@me:0
[   82567ms] [WARNING] The resource https://discord.com/assets/e52f0cba712e2fb4.woff2 was preloaded using link preload but not used within a few seconds from the window's load event. Please make sure it has an appropriate `as` value and it is preloaded intentionally. @ https://discord.com/channels/@me:0
[   82567ms] [WARNING] The resource https://discord.com/assets/dd24010f3cf7def7.woff2 was preloaded using link preload but not used within a few seconds from the window's load event. Please make sure it has an appropriate `as` value and it is preloaded intentionally. @ https://discord.com/channels/@me:0
[   82619ms] [ERROR] Failed to load resource: the server responded with a status of 403 () @ https://discord.com/api/v9/quests/@me:0
[   82648ms] [ERROR] Failed to load resource: the server responded with a status of 403 () @ https://discord.com/api/v9/quests/decision?placement=1&client_heartbeat_session_id=a74e69cc-75e6-4158-9ee6-5e5cc958b66b&client_ad_session_id=cfb7ee90-0aa3-4421-95f3-084ecbe22ef6:0
[   85723ms] [WARNING] The resource https://discord.com/assets/189422196a4f8b53.woff2 was preloaded using link preload but not used within a few seconds from the window's load event. Please make sure it has an appropriate `as` value and it is preloaded intentionally. @ https://discord.com/channels/@me:0
[   85723ms] [WARNING] The resource https://discord.com/assets/ce3b8055f5114434.woff2 was preloaded using link preload but not used within a few seconds from the window's load event. Please make sure it has an appropriate `as` value and it is preloaded intentionally. @ https://discord.com/channels/@me:0
[   85723ms] [WARNING] The resource https://discord.com/assets/cb2006dbced0e246.woff2 was preloaded using link preload but not used within a few seconds from the window's load event. Please make sure it has an appropriate `as` value and it is preloaded intentionally. @ https://discord.com/channels/@me:0
[   85723ms] [WARNING] The resource https://discord.com/assets/7a6a566c2e88a35d.woff2 was preloaded using link preload but not used within a few seconds from the window's load event. Please make sure it has an appropriate `as` value and it is preloaded intentionally. @ https://discord.com/channels/@me:0
[   85723ms] [WARNING] The resource https://discord.com/assets/e52f0cba712e2fb4.woff2 was preloaded using link preload but not used within a few seconds from the window's load event. Please make sure it has an appropriate `as` value and it is preloaded intentionally. @ https://discord.com/channels/@me:0
[   85723ms] [WARNING] The resource https://discord.com/assets/dd24010f3cf7def7.woff2 was preloaded using link preload but not used within a few seconds from the window's load event. Please make sure it has an appropriate `as` value and it is preloaded intentionally. @ https://discord.com/channels/@me:0
[   92284ms] [WARNING] The resource https://discord.com/assets/189422196a4f8b53.woff2 was preloaded using link preload but not used within a few seconds from the window's load event. Please make sure it has an appropriate `as` value and it is preloaded intentionally. @ https://discord.com/channels/@me:0
[   92285ms] [WARNING] The resource https://discord.com/assets/ce3b8055f5114434.woff2 was preloaded using link preload but not used within a few seconds from the window's load event. Please make sure it has an appropriate `as` value and it is preloaded intentionally. @ https://discord.com/channels/@me:0
[   92285ms] [WARNING] The resource https://discord.com/assets/cb2006dbced0e246.woff2 was preloaded using link preload but not used within a few seconds from the window's load event. Please make sure it has an appropriate `as` value and it is preloaded intentionally. @ https://discord.com/channels/@me:0
[   92285ms] [WARNING] The resource https://discord.com/assets/7a6a566c2e88a35d.woff2 was preloaded using link preload but not used within a few seconds from the window's load event. Please make sure it has an appropriate `as` value and it is preloaded intentionally. @ https://discord.com/channels/@me:0
[   92285ms] [WARNING] The resource https://discord.com/assets/e52f0cba712e2fb4.woff2 was preloaded using link preload but not used within a few seconds from the window's load event. Please make sure it has an appropriate `as` value and it is preloaded intentionally. @ https://discord.com/channels/@me:0
[   92285ms] [WARNING] The resource https://discord.com/assets/dd24010f3cf7def7.woff2 was preloaded using link preload but not used within a few seconds from the window's load event. Please make sure it has an appropriate `as` value and it is preloaded intentionally. @ https://discord.com/channels/@me:0
[   96569ms] [ERROR] Failed to load resource: the server responded with a status of 400 () @ https://discord.com/api/v9/users/@me:0
[   99570ms] [WARNING] The resource https://discord.com/assets/189422196a4f8b53.woff2 was preloaded using link preload but not used within a few seconds from the window's load event. Please make sure it has an appropriate `as` value and it is preloaded intentionally. @ https://discord.com/channels/@me:0
[   99570ms] [WARNING] The resource https://discord.com/assets/ce3b8055f5114434.woff2 was preloaded using link preload but not used within a few seconds from the window's load event. Please make sure it has an appropriate `as` value and it is preloaded intentionally. @ https://discord.com/channels/@me:0
[   99570ms] [WARNING] The resource https://discord.com/assets/cb2006dbced0e246.woff2 was preloaded using link preload but not used within a few seconds from the window's load event. Please make sure it has an appropriate `as` value and it is preloaded intentionally. @ https://discord.com/channels/@me:0
[   99570ms] [WARNING] The resource https://discord.com/assets/7a6a566c2e88a35d.woff2 was preloaded using link preload but not used within a few seconds from the window's load event. Please make sure it has an appropriate `as` value and it is preloaded intentionally. @ https://discord.com/channels/@me:0
[   99570ms] [WARNING] The resource https://discord.com/assets/e52f0cba712e2fb4.woff2 was preloaded using link preload but not used within a few seconds from the window's load event. Please make sure it has an appropriate `as` value and it is preloaded intentionally. @ https://discord.com/channels/@me:0
[   99570ms] [WARNING] The resource https://discord.com/assets/dd24010f3cf7def7.woff2 was preloaded using link preload but not used within a few seconds from the window's load event. Please make sure it has an appropriate `as` value and it is preloaded intentionally. @ https://discord.com/channels/@me:0
[  101980ms] [ERROR] Failed to load resource: the server responded with a status of 403 () @ https://discord.com/api/v9/guilds/1179807375708930069/integrations?include_applications=true&include_role_connections_metadata=true:0
[  107741ms] [WARNING] The resource https://discord.com/assets/189422196a4f8b53.woff2 was preloaded using link preload but not used within a few seconds from the window's load event. Please make sure it has an appropriate `as` value and it is preloaded intentionally. @ https://discord.com/channels/1179807375708930069/1179807376732344321:0
[  107741ms] [WARNING] The resource https://discord.com/assets/ce3b8055f5114434.woff2 was preloaded using link preload but not used within a few seconds from the window's load event. Please make sure it has an appropriate `as` value and it is preloaded intentionally. @ https://discord.com/channels/1179807375708930069/1179807376732344321:0
[  107741ms] [WARNING] The resource https://discord.com/assets/cb2006dbced0e246.woff2 was preloaded using link preload but not used within a few seconds from the window's load event. Please make sure it has an appropriate `as` value and it is preloaded intentionally. @ https://discord.com/channels/1179807375708930069/1179807376732344321:0
[  107741ms] [WARNING] The resource https://discord.com/assets/7a6a566c2e88a35d.woff2 was preloaded using link preload but not used within a few seconds from the window's load event. Please make sure it has an appropriate `as` value and it is preloaded intentionally. @ https://discord.com/channels/1179807375708930069/1179807376732344321:0
[  107741ms] [WARNING] The resource https://discord.com/assets/e52f0cba712e2fb4.woff2 was preloaded using link preload but not used within a few seconds from the window's load event. Please make sure it has an appropriate `as` value and it is preloaded intentionally. @ https://discord.com/channels/1179807375708930069/1179807376732344321:0
[  107741ms] [WARNING] The resource https://discord.com/assets/dd24010f3cf7def7.woff2 was preloaded using link preload but not used within a few seconds from the window's load event. Please make sure it has an appropriate `as` value and it is preloaded intentionally. @ https://discord.com/channels/1179807375708930069/1179807376732344321:0
[  108181ms] [ERROR] Failed to load resource: the server responded with a status of 403 () @ https://discord.com/api/v9/users/@me/referrals/eligibility:0
[  108208ms] [ERROR] Failed to load resource: the server responded with a status of 404 () @ https://discord.com/api/v9/users/@me/affinities/v2/users:0
[  109887ms] [ERROR] Failed to load resource: the server responded with a status of 403 () @ https://discord.com/api/v9/guilds/1179807375708930069/integrations?include_applications=true&include_role_connections_metadata=true:0
[  114865ms] [WARNING] Window state not initialized window-1 @ https://discord.com/assets/sentry.3d62437117f773d1.js:14
[  114865ms] [WARNING] Window state not initialized window-1 @ https://discord.com/assets/sentry.3d62437117f773d1.js:14
[  114865ms] [WARNING] Window state not initialized window-1 @ https://discord.com/assets/sentry.3d62437117f773d1.js:14
[  114865ms] [WARNING] Window state not initialized window-1 @ https://discord.com/assets/sentry.3d62437117f773d1.js:14
[  114865ms] [WARNING] Window state not initialized window-1 @ https://discord.com/assets/sentry.3d62437117f773d1.js:14
[  114866ms] [WARNING] Window state not initialized window-1 @ https://discord.com/assets/sentry.3d62437117f773d1.js:14
[  114866ms] [WARNING] Window state not initialized window-1 @ https://discord.com/assets/sentry.3d62437117f773d1.js:14
[  114866ms] [WARNING] Window state not initialized window-1 @ https://discord.com/assets/sentry.3d62437117f773d1.js:14
[  114866ms] [WARNING] Window state not initialized window-1 @ https://discord.com/assets/sentry.3d62437117f773d1.js:14
[  114866ms] [WARNING] Window state not initialized window-1 @ https://discord.com/assets/sentry.3d62437117f773d1.js:14
[  114866ms] [WARNING] Window state not initialized window-1 @ https://discord.com/assets/sentry.3d62437117f773d1.js:14
[  114866ms] [WARNING] Window state not initialized window-1 @ https://discord.com/assets/sentry.3d62437117f773d1.js:14
[  114866ms] [WARNING] Window state not initialized window-1 @ https://discord.com/assets/sentry.3d62437117f773d1.js:14
[  114866ms] [WARNING] Window state not initialized window-1 @ https://discord.com/assets/sentry.3d62437117f773d1.js:14
[  114866ms] [WARNING] Window state not initialized window-1 @ https://discord.com/assets/sentry.3d62437117f773d1.js:14
[  114866ms] [WARNING] Window state not initialized window-1 @ https://discord.com/assets/sentry.3d62437117f773d1.js:14
[  114866ms] [WARNING] Window state not initialized window-1 @ https://discord.com/assets/sentry.3d62437117f773d1.js:14
